<?xml version="1.0" encoding="UTF-8"?>
<testsuite name="games.game2048.TestMoveValuesInRowOrColumn" tests="5" skipped="0" failures="0" errors="0" timestamp="2020-05-05T05:50:53" hostname="Note-Kostya" time="0.012">
  <properties/>
  <testcase name="testRow" classname="games.game2048.TestMoveValuesInRowOrColumn" time="0.004"/>
  <testcase name="testRowReversed" classname="games.game2048.TestMoveValuesInRowOrColumn" time="0.002"/>
  <testcase name="testColumn" classname="games.game2048.TestMoveValuesInRowOrColumn" time="0.002"/>
  <testcase name="testNoMove" classname="games.game2048.TestMoveValuesInRowOrColumn" time="0.001"/>
  <testcase name="testColumnReversed" classname="games.game2048.TestMoveValuesInRowOrColumn" time="0.001"/>
  <system-out><![CDATA[]]></system-out>
  <system-err><![CDATA[]]></system-err>
</testsuite>
